<?xml version="1.0" encoding="UTF-8"?>
<!-- Generated by org.testng.reporters.JUnitXMLReporter -->
<testsuite ignored="4" hostname="Sibasankar" failures="0" tests="2" name="Test-Runner-1" time="85.484" errors="0" timestamp="2022-01-21T15:18:31 IST">
  <testcase classname="com.crm.comcast.contactTest.ContactTest" name="CreateOrganizationWithContact" time="38.052"/>
  <testcase classname="com.crm.comcast.orgTest.OrganizationTest" name="createOrganizationwithIndustryandtype" time="18.372"/>
  <testcase classname="com.crm.comcast.objectrepositorylib.BaseAnnotationClass" name="@AfterSuite conFigAS" time="0.0">
    <ignored/>
  </testcase> <!-- @AfterSuite conFigAS -->
  <testcase classname="com.crm.comcast.orgTest.OrganizationTest" name="createOrganization" time="0.0">
    <ignored/>
  </testcase> <!-- createOrganization -->
  <testcase classname="com.crm.comcast.contactTest.ContactTest" name="createcontact" time="0.0">
    <ignored/>
  </testcase> <!-- createcontact -->
  <testcase classname="com.crm.comcast.objectrepositorylib.BaseAnnotationClass" name="@BeforeSuite conFigBS" time="0.0">
    <ignored/>
  </testcase> <!-- @BeforeSuite conFigBS -->
</testsuite> <!-- Test-Runner-1 -->
