<?xml version="1.0" encoding="UTF-8"?>
<!-- Generated by org.testng.reporters.JUnitReportReporter -->
<testsuite hostname="DESKTOP-99UND3K" failures="0" tests="1" name="vtiger.Lead.test.CreateNewLeadByAssignTo" time="68.885" errors="0" timestamp="2022-01-16T16:30:47 IST" skipped="0">
  <testcase classname="vtiger.Lead.test.CreateNewLeadByAssignTo" name="Leadbyassign" time="68.885"/>
  <system-out/>
</testsuite> <!-- vtiger.Lead.test.CreateNewLeadByAssignTo -->
