<?xml version="1.0" encoding="UTF-8"?>
<!-- Generated by org.testng.reporters.JUnitReportReporter -->
<testsuite hostname="DESKTOP-99UND3K" failures="0" tests="1" name="vtiger.Lead.test.CreateNewLeadBySelectingDifferentRatingDropDown_Test" time="88.287" errors="0" timestamp="2022-01-16T16:28:25 IST" skipped="0">
  <testcase classname="vtiger.Lead.test.CreateNewLeadBySelectingDifferentRatingDropDown_Test" name="Testrating" time="88.287"/>
  <system-out/>
</testsuite> <!-- vtiger.Lead.test.CreateNewLeadBySelectingDifferentRatingDropDown_Test -->
