<?xml version="1.0" encoding="UTF-8"?>
<!-- Generated by org.testng.reporters.JUnitReportReporter -->
<testsuite hostname="DESKTOP-99UND3K" failures="0" tests="1" name="com.crm.comcast.orgTest.ProjectUnitTest" time="0.403" errors="0" timestamp="2022-01-12T23:53:24 IST" skipped="0">
  <testcase classname="com.crm.comcast.orgTest.ProjectUnitTest" name="projectunittest" time="0.403"/>
  <system-out/>
</testsuite> <!-- com.crm.comcast.orgTest.ProjectUnitTest -->
