<?xml version="1.0" encoding="UTF-8"?>
<!-- Generated by org.testng.reporters.JUnitReportReporter -->
<testsuite hostname="Sibasankar" failures="0" tests="17" name="practice.Sample_Test" time="0.080" errors="0" timestamp="2022-01-20T17:45:40 IST" skipped="0">
  <testcase classname="practice.Sample_Test" name="addtoCartAndBill" time="0.002"/>
  <system-out/>
  <testcase classname="practice.Sample_Test" name="addtoCartAndBill" time="0.003"/>
  <system-out/>
  <testcase classname="practice.Sample_Test" name="addtoCartAndBill" time="0.005"/>
  <system-out/>
  <testcase classname="practice.Sample_Test" name="addtoCartAndBill" time="0.002"/>
  <system-out/>
  <testcase classname="practice.Sample_Test" name="addtoCartAndBill" time="0.015"/>
  <system-out/>
  <testcase classname="practice.Sample_Test" name="addtoCartAndBill" time="0.001"/>
  <system-out/>
  <testcase classname="practice.Sample_Test" name="addtoCartAndBill" time="0.008"/>
  <system-out/>
  <testcase classname="practice.Sample_Test" name="addtoCartAndBill" time="0.006"/>
  <system-out/>
  <testcase classname="practice.Sample_Test" name="addtoCartAndBill" time="0.008"/>
  <system-out/>
  <testcase classname="practice.Sample_Test" name="addtoCartAndBill" time="0.007"/>
  <system-out/>
  <testcase classname="practice.Sample_Test" name="addtoCartAndBill" time="0.007"/>
  <system-out/>
  <testcase classname="practice.Sample_Test" name="addtoCartAndBill" time="0.003"/>
  <system-out/>
  <testcase classname="practice.Sample_Test" name="addtoCartAndBill" time="0.003"/>
  <system-out/>
  <testcase classname="practice.Sample_Test" name="addtoCartAndBill" time="0.003"/>
  <system-out/>
  <testcase classname="practice.Sample_Test" name="addtoCartAndBill" time="0.002"/>
  <system-out/>
  <testcase classname="practice.Sample_Test" name="addtoCartAndBill" time="0.002"/>
  <system-out/>
  <testcase classname="practice.Sample_Test" name="addtoCartAndBill" time="0.003"/>
  <system-out/>
</testsuite> <!-- practice.Sample_Test -->
